{"C:\\Projects\\Apps\\Livin\\Livin\\src\\lib\\rotation.ts": {"path":"C:\\Projects\\Apps\\Livin\\Livin\\src\\lib\\rotation.ts","statementMap":{"0":{"start":{"line":17,"column":0},"end":{"line":17,"column":16}},"1":{"start":{"line":49,"column":0},"end":{"line":49,"column":16}},"2":{"start":{"line":59,"column":0},"end":{"line":59,"column":16}},"3":{"start":{"line":70,"column":0},"end":{"line":70,"column":16}},"4":{"start":{"line":88,"column":0},"end":{"line":88,"column":16}},"5":{"start":{"line":95,"column":0},"end":{"line":95,"column":16}},"6":{"start":{"line":1,"column":0},"end":{"line":1,"column":26}},"7":{"start":{"line":2,"column":0},"end":{"line":2,"column":43}},"8":{"start":{"line":5,"column":0},"end":{"line":5,"column":22}},"9":{"start":{"line":22,"column":2},"end":{"line":24,"column":3}},"10":{"start":{"line":23,"column":4},"end":{"line":23,"column":14}},"11":{"start":{"line":26,"column":36},"end":{"line":26,"column":38}},"12":{"start":{"line":29,"column":2},"end":{"line":40,"column":5}},"13":{"start":{"line":32,"column":24},"end":{"line":32,"column":64}},"14":{"start":{"line":33,"column":19},"end":{"line":33,"column":39}},"15":{"start":{"line":35,"column":4},"end":{"line":39,"column":7}},"16":{"start":{"line":42,"column":2},"end":{"line":42,"column":21}},"17":{"start":{"line":50,"column":22},"end":{"line":50,"column":41}},"18":{"start":{"line":51,"column":19},"end":{"line":51,"column":49}},"19":{"start":{"line":52,"column":2},"end":{"line":52,"column":31}},"20":{"start":{"line":60,"column":15},"end":{"line":60,"column":26}},"21":{"start":{"line":61,"column":15},"end":{"line":61,"column":29}},"22":{"start":{"line":62,"column":2},"end":{"line":62,"column":56}},"23":{"start":{"line":71,"column":22},"end":{"line":71,"column":41}},"24":{"start":{"line":72,"column":20},"end":{"line":72,"column":54}},"25":{"start":{"line":75,"column":16},"end":{"line":75,"column":42}},"26":{"start":{"line":78,"column":2},"end":{"line":80,"column":3}},"27":{"start":{"line":79,"column":4},"end":{"line":79,"column":37}},"28":{"start":{"line":82,"column":2},"end":{"line":82,"column":17}},"29":{"start":{"line":89,"column":2},"end":{"line":89,"column":41}},"30":{"start":{"line":96,"column":16},"end":{"line":96,"column":23}},"31":{"start":{"line":97,"column":21},"end":{"line":97,"column":43}},"32":{"start":{"line":100,"column":2},"end":{"line":102,"column":3}},"33":{"start":{"line":101,"column":4},"end":{"line":101,"column":17}},"34":{"start":{"line":105,"column":2},"end":{"line":107,"column":3}},"35":{"start":{"line":106,"column":4},"end":{"line":106,"column":47}},"36":{"start":{"line":109,"column":2},"end":{"line":109,"column":22}}},"fnMap":{"0":{"name":"computeAssignments","decl":{"start":{"line":17,"column":16},"end":{"line":17,"column":34}},"loc":{"start":{"line":20,"column":23},"end":{"line":43,"column":1}}},"1":{"name":"(anonymous_2)","decl":{"start":{"line":29,"column":16},"end":{"line":29,"column":17}},"loc":{"start":{"line":29,"column":38},"end":{"line":40,"column":3}}},"2":{"name":"calculateWeekIndex","decl":{"start":{"line":49,"column":16},"end":{"line":49,"column":34}},"loc":{"start":{"line":49,"column":52},"end":{"line":53,"column":1}}},"3":{"name":"generateWeekKey","decl":{"start":{"line":59,"column":16},"end":{"line":59,"column":31}},"loc":{"start":{"line":59,"column":49},"end":{"line":63,"column":1}}},"4":{"name":"getDueDate","decl":{"start":{"line":70,"column":16},"end":{"line":70,"column":26}},"loc":{"start":{"line":70,"column":69},"end":{"line":83,"column":1}}},"5":{"name":"isOverdue","decl":{"start":{"line":88,"column":16},"end":{"line":88,"column":25}},"loc":{"start":{"line":88,"column":46},"end":{"line":90,"column":1}}},"6":{"name":"getNextCleaningDay","decl":{"start":{"line":95,"column":16},"end":{"line":95,"column":34}},"loc":{"start":{"line":95,"column":58},"end":{"line":110,"column":1}}}},"branchMap":{"0":{"loc":{"start":{"line":20,"column":2},"end":{"line":20,"column":23}},"type":"default-arg","locations":[{"start":{"line":20,"column":22},"end":{"line":20,"column":23}}]},"1":{"loc":{"start":{"line":22,"column":2},"end":{"line":24,"column":3}},"type":"if","locations":[{"start":{"line":22,"column":2},"end":{"line":24,"column":3}},{"start":{},"end":{}}]},"2":{"loc":{"start":{"line":22,"column":6},"end":{"line":22,"column":48}},"type":"binary-expr","locations":[{"start":{"line":22,"column":6},"end":{"line":22,"column":26}},{"start":{"line":22,"column":30},"end":{"line":22,"column":48}}]},"3":{"loc":{"start":{"line":70,"column":46},"end":{"line":70,"column":69}},"type":"default-arg","locations":[{"start":{"line":70,"column":68},"end":{"line":70,"column":69}}]},"4":{"loc":{"start":{"line":78,"column":2},"end":{"line":80,"column":3}},"type":"if","locations":[{"start":{"line":78,"column":2},"end":{"line":80,"column":3}},{"start":{},"end":{}}]},"5":{"loc":{"start":{"line":95,"column":35},"end":{"line":95,"column":58}},"type":"default-arg","locations":[{"start":{"line":95,"column":57},"end":{"line":95,"column":58}}]},"6":{"loc":{"start":{"line":100,"column":2},"end":{"line":102,"column":3}},"type":"if","locations":[{"start":{"line":100,"column":2},"end":{"line":102,"column":3}},{"start":{},"end":{}}]},"7":{"loc":{"start":{"line":105,"column":2},"end":{"line":107,"column":3}},"type":"if","locations":[{"start":{"line":105,"column":2},"end":{"line":107,"column":3}},{"start":{},"end":{}}]}},"s":{"0":1,"1":1,"2":1,"3":1,"4":1,"5":1,"6":1,"7":1,"8":1,"9":8,"10":1,"11":7,"12":7,"13":19,"14":19,"15":19,"16":7,"17":3,"18":3,"19":3,"20":1,"21":1,"22":1,"23":1,"24":1,"25":1,"26":1,"27":1,"28":1,"29":2,"30":0,"31":0,"32":0,"33":0,"34":0,"35":0,"36":0},"f":{"0":8,"1":19,"2":3,"3":1,"4":1,"5":2,"6":0},"b":{"0":[1],"1":[1,7],"2":[8,7],"3":[0],"4":[1,0],"5":[0],"6":[0,0],"7":[0,0]}}
}
