TN:
SF:src\lib\rotation.ts
FN:17,computeAssignments
FN:29,(anonymous_2)
FN:49,calculateWeekIndex
FN:59,generateWeekKey
FN:70,getDueDate
FN:88,isOverdue
FN:95,getNextCleaningDay
FNF:7
FNH:6
FNDA:8,computeAssignments
FNDA:19,(anonymous_2)
FNDA:3,calculateWeekIndex
FNDA:1,generateWeekKey
FNDA:1,getDueDate
FNDA:2,isOverdue
FNDA:0,getNextCleaningDay
DA:1,1
DA:2,1
DA:5,1
DA:17,1
DA:22,8
DA:23,1
DA:26,7
DA:29,7
DA:32,19
DA:33,19
DA:35,19
DA:42,7
DA:49,1
DA:50,3
DA:51,3
DA:52,3
DA:59,1
DA:60,1
DA:61,1
DA:62,1
DA:70,1
DA:71,1
DA:72,1
DA:75,1
DA:78,1
DA:79,1
DA:82,1
DA:88,1
DA:89,2
DA:95,1
DA:96,0
DA:97,0
DA:100,0
DA:101,0
DA:105,0
DA:106,0
DA:109,0
LF:37
LH:30
BRDA:20,0,0,1
BRDA:22,1,0,1
BRDA:22,1,1,7
BRDA:22,2,0,8
BRDA:22,2,1,7
BRDA:70,3,0,0
BRDA:78,4,0,1
BRDA:78,4,1,0
BRDA:95,5,0,0
BRDA:100,6,0,0
BRDA:100,6,1,0
BRDA:105,7,0,0
BRDA:105,7,1,0
BRF:13
BRH:6
end_of_record
